<?xml version="1.0" encoding="UTF-8"?>
<!-- Generated by org.testng.reporters.JUnitXMLReporter -->
<testsuite ignored="45" hostname="IN-PG02P4WW" failures="4" tests="16" name="Test" time="131.539" errors="0" timestamp="2022-05-21T12:36:07 IST">
  <testcase classname="com.Amazon.tests.addAddressTest" name="addByPin" time="0.85"/>
  <testcase classname="com.Amazon.tests.addAddressTest" name="througSignIN" time="0.83"/>
  <testcase classname="com.Amazon.tests.addAddressTest" name="InvalidAddPin" time="0.897">
    <failure type="java.lang.AssertionError" message="expected [Online Shopping site in India: Shop Online for Mobiles, Books, Watches, Shoes and More] but found [Online Shopping site in India: Shop Online for Mobiles, Books, Watches, Shoes and More - Amazon.in]">
      <![CDATA[java.lang.AssertionError: expected [Online Shopping site in India: Shop Online for Mobiles, Books, Watches, Shoes and More] but found [Online Shopping site in India: Shop Online for Mobiles, Books, Watches, Shoes and More - Amazon.in]
at com.Amazon.tests.addAddressTest.InvalidAddPin(addAddressTest.java:59)
at java.base/java.util.ArrayList.forEach(ArrayList.java:1540)
... Removed 33 stack frames]]>
    </failure>
  </testcase> <!-- InvalidAddPin -->
  <testcase classname="com.Amazon.tests.amazonPrimeTest" name="subscription" time="14.026">
    <failure type="org.openqa.selenium.NoSuchElementException" message="no such element: Unable to locate element: {&amp;quot;method&amp;quot;:&amp;quot;xpath&amp;quot;,&amp;quot;selector&amp;quot;:&amp;quot; //span[@class=&amp;apos;pv-nav-link-with-droplist&amp;apos;]//span//a[@id=&amp;apos;pv-nav-sign-in&amp;apos;]&amp;quot;}
  (Session info: chrome=101.0.4951.67)
For documentation on this error, please visit: https://www.seleniumhq.org/exceptions/no_such_element.html
Build info: version: &amp;apos;3.141.59&amp;apos;, revision: &amp;apos;e82be7d358&amp;apos;, time: &amp;apos;2018-11-14T08:17:03&amp;apos;
System info: host: &amp;apos;IN-PG02P4WW&amp;apos;, ip: &amp;apos;192.168.29.172&amp;apos;, os.name: &amp;apos;Windows 10&amp;apos;, os.arch: &amp;apos;amd64&amp;apos;, os.version: &amp;apos;10.0&amp;apos;, java.version: &amp;apos;11.0.1&amp;apos;
Driver info: org.openqa.selenium.chrome.ChromeDriver
Capabilities {acceptInsecureCerts: false, browserName: chrome, browserVersion: 101.0.4951.67, chrome: {chromedriverVersion: 101.0.4951.41 (93c720db8323..., userDataDir: C:\Users\SAKSHA~1\AppData\L...}, goog:chromeOptions: {debuggerAddress: localhost:51096}, javascriptEnabled: true, networkConnectionEnabled: false, pageLoadStrategy: normal, platform: WINDOWS, platformName: WINDOWS, proxy: Proxy(), setWindowRect: true, strictFileInteractability: false, timeouts: {implicit: 0, pageLoad: 300000, script: 30000}, unhandledPromptBehavior: dismiss and notify, webauthn:extension:credBlob: true, webauthn:extension:largeBlob: true, webauthn:virtualAuthenticators: true}
Session ID: 48b95823c57290eaad0c2a7da40d6aa5
*** Element info: {Using=xpath, value= //span[@class=&amp;apos;pv-nav-link-with-droplist&amp;apos;]//span//a[@id=&amp;apos;pv-nav-sign-in&amp;apos;]}">
      <![CDATA[org.openqa.selenium.NoSuchElementException: no such element: Unable to locate element: {"method":"xpath","selector":" //span[@class='pv-nav-link-with-droplist']//span//a[@id='pv-nav-sign-in']"}
  (Session info: chrome=101.0.4951.67)
For documentation on this error, please visit: https://www.seleniumhq.org/exceptions/no_such_element.html
Build info: version: '3.141.59', revision: 'e82be7d358', time: '2018-11-14T08:17:03'
System info: host: 'IN-PG02P4WW', ip: '192.168.29.172', os.name: 'Windows 10', os.arch: 'amd64', os.version: '10.0', java.version: '11.0.1'
Driver info: org.openqa.selenium.chrome.ChromeDriver
Capabilities {acceptInsecureCerts: false, browserName: chrome, browserVersion: 101.0.4951.67, chrome: {chromedriverVersion: 101.0.4951.41 (93c720db8323..., userDataDir: C:\Users\SAKSHA~1\AppData\L...}, goog:chromeOptions: {debuggerAddress: localhost:51096}, javascriptEnabled: true, networkConnectionEnabled: false, pageLoadStrategy: normal, platform: WINDOWS, platformName: WINDOWS, proxy: Proxy(), setWindowRect: true, strictFileInteractability: false, timeouts: {implicit: 0, pageLoad: 300000, script: 30000}, unhandledPromptBehavior: dismiss and notify, webauthn:extension:credBlob: true, webauthn:extension:largeBlob: true, webauthn:virtualAuthenticators: true}
Session ID: 48b95823c57290eaad0c2a7da40d6aa5
*** Element info: {Using=xpath, value= //span[@class='pv-nav-link-with-droplist']//span//a[@id='pv-nav-sign-in']}
at org.openqa.selenium.remote.http.W3CHttpResponseCodec.createException(W3CHttpResponseCodec.java:187)
at org.openqa.selenium.remote.http.W3CHttpResponseCodec.decode(W3CHttpResponseCodec.java:122)
at org.openqa.selenium.remote.http.W3CHttpResponseCodec.decode(W3CHttpResponseCodec.java:49)
at org.openqa.selenium.remote.HttpCommandExecutor.execute(HttpCommandExecutor.java:158)
at org.openqa.selenium.remote.service.DriverCommandExecutor.execute(DriverCommandExecutor.java:83)
at org.openqa.selenium.remote.RemoteWebDriver.execute(RemoteWebDriver.java:552)
at org.openqa.selenium.remote.RemoteWebDriver.findElement(RemoteWebDriver.java:323)
at org.openqa.selenium.remote.RemoteWebDriver.findElementByXPath(RemoteWebDriver.java:428)
at org.openqa.selenium.By$ByXPath.findElement(By.java:353)
at org.openqa.selenium.remote.RemoteWebDriver.findElement(RemoteWebDriver.java:315)
at org.openqa.selenium.support.pagefactory.DefaultElementLocator.findElement(DefaultElementLocator.java:69)
at org.openqa.selenium.support.pagefactory.internal.LocatingElementHandler.invoke(LocatingElementHandler.java:38)
at com.sun.proxy.$Proxy16.click(Unknown Source)
at com.Amazon.pages.amazonPrime.signInButton(amazonPrime.java:43)
at com.Amazon.tests.amazonPrimeTest.subscription(amazonPrimeTest.java:21)
at java.base/java.util.ArrayList.forEach(ArrayList.java:1540)
... Removed 31 stack frames]]>
    </failure>
  </testcase> <!-- subscription -->
  <testcase classname="com.Amazon.tests.sortPurchase_Test" name="sorting" time="15.713">
    <failure type="org.openqa.selenium.NoSuchElementException" message="no such element: Unable to locate element: {&amp;quot;method&amp;quot;:&amp;quot;xpath&amp;quot;,&amp;quot;selector&amp;quot;:&amp;quot;//li[@id=&amp;apos;p_90/6741118031&amp;apos;]//i[@class=&amp;apos;a-icon a-icon-checkbox&amp;apos;]&amp;quot;}
  (Session info: chrome=101.0.4951.67)
For documentation on this error, please visit: https://www.seleniumhq.org/exceptions/no_such_element.html
Build info: version: &amp;apos;3.141.59&amp;apos;, revision: &amp;apos;e82be7d358&amp;apos;, time: &amp;apos;2018-11-14T08:17:03&amp;apos;
System info: host: &amp;apos;IN-PG02P4WW&amp;apos;, ip: &amp;apos;192.168.29.172&amp;apos;, os.name: &amp;apos;Windows 10&amp;apos;, os.arch: &amp;apos;amd64&amp;apos;, os.version: &amp;apos;10.0&amp;apos;, java.version: &amp;apos;11.0.1&amp;apos;
Driver info: org.openqa.selenium.chrome.ChromeDriver
Capabilities {acceptInsecureCerts: false, browserName: chrome, browserVersion: 101.0.4951.67, chrome: {chromedriverVersion: 101.0.4951.41 (93c720db8323..., userDataDir: C:\Users\SAKSHA~1\AppData\L...}, goog:chromeOptions: {debuggerAddress: localhost:51096}, javascriptEnabled: true, networkConnectionEnabled: false, pageLoadStrategy: normal, platform: WINDOWS, platformName: WINDOWS, proxy: Proxy(), setWindowRect: true, strictFileInteractability: false, timeouts: {implicit: 0, pageLoad: 300000, script: 30000}, unhandledPromptBehavior: dismiss and notify, webauthn:extension:credBlob: true, webauthn:extension:largeBlob: true, webauthn:virtualAuthenticators: true}
Session ID: 48b95823c57290eaad0c2a7da40d6aa5
*** Element info: {Using=xpath, value=//li[@id=&amp;apos;p_90/6741118031&amp;apos;]//i[@class=&amp;apos;a-icon a-icon-checkbox&amp;apos;]}">
      <![CDATA[org.openqa.selenium.NoSuchElementException: no such element: Unable to locate element: {"method":"xpath","selector":"//li[@id='p_90/6741118031']//i[@class='a-icon a-icon-checkbox']"}
  (Session info: chrome=101.0.4951.67)
For documentation on this error, please visit: https://www.seleniumhq.org/exceptions/no_such_element.html
Build info: version: '3.141.59', revision: 'e82be7d358', time: '2018-11-14T08:17:03'
System info: host: 'IN-PG02P4WW', ip: '192.168.29.172', os.name: 'Windows 10', os.arch: 'amd64', os.version: '10.0', java.version: '11.0.1'
Driver info: org.openqa.selenium.chrome.ChromeDriver
Capabilities {acceptInsecureCerts: false, browserName: chrome, browserVersion: 101.0.4951.67, chrome: {chromedriverVersion: 101.0.4951.41 (93c720db8323..., userDataDir: C:\Users\SAKSHA~1\AppData\L...}, goog:chromeOptions: {debuggerAddress: localhost:51096}, javascriptEnabled: true, networkConnectionEnabled: false, pageLoadStrategy: normal, platform: WINDOWS, platformName: WINDOWS, proxy: Proxy(), setWindowRect: true, strictFileInteractability: false, timeouts: {implicit: 0, pageLoad: 300000, script: 30000}, unhandledPromptBehavior: dismiss and notify, webauthn:extension:credBlob: true, webauthn:extension:largeBlob: true, webauthn:virtualAuthenticators: true}
Session ID: 48b95823c57290eaad0c2a7da40d6aa5
*** Element info: {Using=xpath, value=//li[@id='p_90/6741118031']//i[@class='a-icon a-icon-checkbox']}
at org.openqa.selenium.remote.http.W3CHttpResponseCodec.createException(W3CHttpResponseCodec.java:187)
at org.openqa.selenium.remote.http.W3CHttpResponseCodec.decode(W3CHttpResponseCodec.java:122)
at org.openqa.selenium.remote.http.W3CHttpResponseCodec.decode(W3CHttpResponseCodec.java:49)
at org.openqa.selenium.remote.HttpCommandExecutor.execute(HttpCommandExecutor.java:158)
at org.openqa.selenium.remote.service.DriverCommandExecutor.execute(DriverCommandExecutor.java:83)
at org.openqa.selenium.remote.RemoteWebDriver.execute(RemoteWebDriver.java:552)
at org.openqa.selenium.remote.RemoteWebDriver.findElement(RemoteWebDriver.java:323)
at org.openqa.selenium.remote.RemoteWebDriver.findElementByXPath(RemoteWebDriver.java:428)
at org.openqa.selenium.By$ByXPath.findElement(By.java:353)
at org.openqa.selenium.remote.RemoteWebDriver.findElement(RemoteWebDriver.java:315)
at org.openqa.selenium.support.pagefactory.DefaultElementLocator.findElement(DefaultElementLocator.java:69)
at org.openqa.selenium.support.pagefactory.internal.LocatingElementHandler.invoke(LocatingElementHandler.java:38)
at com.sun.proxy.$Proxy16.click(Unknown Source)
at com.Amazon.pages.sortPurchase.getItByTomorrow(sortPurchase.java:42)
at com.Amazon.tests.sortPurchase_Test.sorting(sortPurchase_Test.java:28)
at java.base/java.util.ArrayList.forEach(ArrayList.java:1540)
... Removed 31 stack frames]]>
    </failure>
  </testcase> <!-- sorting -->
  <testcase classname="com.Amazon.tests.changeCountry_Test" name="clickOnCountry_Button" time="22.131"/>
  <testcase classname="com.Amazon.tests.forwardAndBackward_Pic_Test" name="clickOnImage" time="2.452"/>
  <testcase classname="com.Amazon.tests.addToCartTest" name="addToCart" time="15.538"/>
  <testcase classname="com.Amazon.tests.addToCartTest" name="findBlankText" time="3.627"/>
  <testcase classname="com.Amazon.tests.changePassword_Test" name="pass" time="13.457">
    <failure type="org.openqa.selenium.NoSuchElementException" message="no such element: Unable to locate element: {&amp;quot;method&amp;quot;:&amp;quot;xpath&amp;quot;,&amp;quot;selector&amp;quot;:&amp;quot;	//a[@id=&amp;apos;auth-fpp-link-bottom&amp;apos;]
&amp;quot;}
  (Session info: chrome=101.0.4951.67)
For documentation on this error, please visit: https://www.seleniumhq.org/exceptions/no_such_element.html
Build info: version: &amp;apos;3.141.59&amp;apos;, revision: &amp;apos;e82be7d358&amp;apos;, time: &amp;apos;2018-11-14T08:17:03&amp;apos;
System info: host: &amp;apos;IN-PG02P4WW&amp;apos;, ip: &amp;apos;192.168.29.172&amp;apos;, os.name: &amp;apos;Windows 10&amp;apos;, os.arch: &amp;apos;amd64&amp;apos;, os.version: &amp;apos;10.0&amp;apos;, java.version: &amp;apos;11.0.1&amp;apos;
Driver info: org.openqa.selenium.chrome.ChromeDriver
Capabilities {acceptInsecureCerts: false, browserName: chrome, browserVersion: 101.0.4951.67, chrome: {chromedriverVersion: 101.0.4951.41 (93c720db8323..., userDataDir: C:\Users\SAKSHA~1\AppData\L...}, goog:chromeOptions: {debuggerAddress: localhost:51096}, javascriptEnabled: true, networkConnectionEnabled: false, pageLoadStrategy: normal, platform: WINDOWS, platformName: WINDOWS, proxy: Proxy(), setWindowRect: true, strictFileInteractability: false, timeouts: {implicit: 0, pageLoad: 300000, script: 30000}, unhandledPromptBehavior: dismiss and notify, webauthn:extension:credBlob: true, webauthn:extension:largeBlob: true, webauthn:virtualAuthenticators: true}
Session ID: 48b95823c57290eaad0c2a7da40d6aa5
*** Element info: {Using=xpath, value=	//a[@id=&amp;apos;auth-fpp-link-bottom&amp;apos;]
}">
      <![CDATA[org.openqa.selenium.NoSuchElementException: no such element: Unable to locate element: {"method":"xpath","selector":"//a[@id='auth-fpp-link-bottom']
"}
  (Session info: chrome=101.0.4951.67)
For documentation on this error, please visit: https://www.seleniumhq.org/exceptions/no_such_element.html
Build info: version: '3.141.59', revision: 'e82be7d358', time: '2018-11-14T08:17:03'
System info: host: 'IN-PG02P4WW', ip: '192.168.29.172', os.name: 'Windows 10', os.arch: 'amd64', os.version: '10.0', java.version: '11.0.1'
Driver info: org.openqa.selenium.chrome.ChromeDriver
Capabilities {acceptInsecureCerts: false, browserName: chrome, browserVersion: 101.0.4951.67, chrome: {chromedriverVersion: 101.0.4951.41 (93c720db8323..., userDataDir: C:\Users\SAKSHA~1\AppData\L...}, goog:chromeOptions: {debuggerAddress: localhost:51096}, javascriptEnabled: true, networkConnectionEnabled: false, pageLoadStrategy: normal, platform: WINDOWS, platformName: WINDOWS, proxy: Proxy(), setWindowRect: true, strictFileInteractability: false, timeouts: {implicit: 0, pageLoad: 300000, script: 30000}, unhandledPromptBehavior: dismiss and notify, webauthn:extension:credBlob: true, webauthn:extension:largeBlob: true, webauthn:virtualAuthenticators: true}
Session ID: 48b95823c57290eaad0c2a7da40d6aa5
*** Element info: {Using=xpath, value=//a[@id='auth-fpp-link-bottom']
}
at org.openqa.selenium.remote.http.W3CHttpResponseCodec.createException(W3CHttpResponseCodec.java:187)
at org.openqa.selenium.remote.http.W3CHttpResponseCodec.decode(W3CHttpResponseCodec.java:122)
at org.openqa.selenium.remote.http.W3CHttpResponseCodec.decode(W3CHttpResponseCodec.java:49)
at org.openqa.selenium.remote.HttpCommandExecutor.execute(HttpCommandExecutor.java:158)
at org.openqa.selenium.remote.service.DriverCommandExecutor.execute(DriverCommandExecutor.java:83)
at org.openqa.selenium.remote.RemoteWebDriver.execute(RemoteWebDriver.java:552)
at org.openqa.selenium.remote.RemoteWebDriver.findElement(RemoteWebDriver.java:323)
at org.openqa.selenium.remote.RemoteWebDriver.findElementByXPath(RemoteWebDriver.java:428)
at org.openqa.selenium.By$ByXPath.findElement(By.java:353)
at org.openqa.selenium.remote.RemoteWebDriver.findElement(RemoteWebDriver.java:315)
at org.openqa.selenium.support.pagefactory.DefaultElementLocator.findElement(DefaultElementLocator.java:69)
at org.openqa.selenium.support.pagefactory.internal.LocatingElementHandler.invoke(LocatingElementHandler.java:38)
at com.sun.proxy.$Proxy16.click(Unknown Source)
at com.Amazon.pages.changePassword.forgotPassword(changePassword.java:28)
at com.Amazon.tests.changePassword_Test.pass(changePassword_Test.java:22)
at java.base/java.util.ArrayList.forEach(ArrayList.java:1540)
... Removed 31 stack frames]]>
    </failure>
  </testcase> <!-- pass -->
  <testcase classname="com.Amazon.tests.SignInTest" name="invaildLogin" time="1.808"/>
  <testcase classname="com.Amazon.tests.SignInTest" name="validLogin" time="2.829"/>
  <testcase classname="com.Amazon.tests.SignUpTest" name="validRegistration" time="1.802"/>
  <testcase classname="com.Amazon.tests.YourAccountSection_Test" name="payementOption" time="4.028"/>
  <testcase classname="com.Amazon.tests.YourAccountSection_Test" name="signInandSecurity" time="4.054"/>
  <testcase classname="com.Amazon.tests.YourAccountSection_Test" name="yourOrder" time="4.893"/>
  <testcase classname="com.Amazon.tests.BaseTest" name="@BeforeSuite logTest" time="0.0">
    <ignored/>
  </testcase> <!-- @BeforeSuite logTest -->
  <testcase classname="com.Amazon.tests.BaseTest" name="@BeforeSuite logTest" time="0.0">
    <ignored/>
  </testcase> <!-- @BeforeSuite logTest -->
  <testcase classname="com.Amazon.tests.BaseTest" name="@BeforeSuite logTest" time="0.0">
    <ignored/>
  </testcase> <!-- @BeforeSuite logTest -->
  <testcase classname="com.Amazon.tests.BaseTest" name="@BeforeSuite logTest" time="0.0">
    <ignored/>
  </testcase> <!-- @BeforeSuite logTest -->
  <testcase classname="com.Amazon.tests.BaseTest" name="@BeforeSuite logTest" time="0.0">
    <ignored/>
  </testcase> <!-- @BeforeSuite logTest -->
  <testcase classname="com.Amazon.tests.BaseTest" name="@BeforeSuite logTest" time="0.0">
    <ignored/>
  </testcase> <!-- @BeforeSuite logTest -->
  <testcase classname="com.Amazon.tests.BaseTest" name="@BeforeSuite logTest" time="0.0">
    <ignored/>
  </testcase> <!-- @BeforeSuite logTest -->
  <testcase classname="com.Amazon.tests.BaseTest" name="@BeforeSuite logTest" time="0.0">
    <ignored/>
  </testcase> <!-- @BeforeSuite logTest -->
  <testcase classname="com.Amazon.tests.BaseTest" name="@BeforeSuite logTest" time="0.0">
    <ignored/>
  </testcase> <!-- @BeforeSuite logTest -->
  <testcase classname="com.Amazon.tests.BaseTest" name="@AfterSuite endExtent" time="0.0">
    <ignored/>
  </testcase> <!-- @AfterSuite endExtent -->
  <testcase classname="com.Amazon.tests.BaseTest" name="@AfterSuite endExtent" time="0.0">
    <ignored/>
  </testcase> <!-- @AfterSuite endExtent -->
  <testcase classname="com.Amazon.tests.BaseTest" name="@AfterSuite endExtent" time="0.0">
    <ignored/>
  </testcase> <!-- @AfterSuite endExtent -->
  <testcase classname="com.Amazon.tests.BaseTest" name="@AfterSuite endExtent" time="0.0">
    <ignored/>
  </testcase> <!-- @AfterSuite endExtent -->
  <testcase classname="com.Amazon.tests.BaseTest" name="@AfterSuite endExtent" time="0.0">
    <ignored/>
  </testcase> <!-- @AfterSuite endExtent -->
  <testcase classname="com.Amazon.tests.BaseTest" name="@AfterSuite endExtent" time="0.0">
    <ignored/>
  </testcase> <!-- @AfterSuite endExtent -->
  <testcase classname="com.Amazon.tests.BaseTest" name="@AfterSuite endExtent" time="0.0">
    <ignored/>
  </testcase> <!-- @AfterSuite endExtent -->
  <testcase classname="com.Amazon.tests.BaseTest" name="@AfterSuite endExtent" time="0.0">
    <ignored/>
  </testcase> <!-- @AfterSuite endExtent -->
  <testcase classname="com.Amazon.tests.BaseTest" name="@AfterSuite endExtent" time="0.0">
    <ignored/>
  </testcase> <!-- @AfterSuite endExtent -->
  <testcase classname="com.Amazon.tests.BaseTest" name="@BeforeSuite setExtent" time="0.0">
    <ignored/>
  </testcase> <!-- @BeforeSuite setExtent -->
  <testcase classname="com.Amazon.tests.BaseTest" name="@BeforeSuite setExtent" time="0.0">
    <ignored/>
  </testcase> <!-- @BeforeSuite setExtent -->
  <testcase classname="com.Amazon.tests.BaseTest" name="@BeforeSuite setExtent" time="0.0">
    <ignored/>
  </testcase> <!-- @BeforeSuite setExtent -->
  <testcase classname="com.Amazon.tests.BaseTest" name="@BeforeSuite setExtent" time="0.0">
    <ignored/>
  </testcase> <!-- @BeforeSuite setExtent -->
  <testcase classname="com.Amazon.tests.BaseTest" name="@BeforeSuite setExtent" time="0.0">
    <ignored/>
  </testcase> <!-- @BeforeSuite setExtent -->
  <testcase classname="com.Amazon.tests.BaseTest" name="@BeforeSuite setExtent" time="0.0">
    <ignored/>
  </testcase> <!-- @BeforeSuite setExtent -->
  <testcase classname="com.Amazon.tests.BaseTest" name="@BeforeSuite setExtent" time="0.0">
    <ignored/>
  </testcase> <!-- @BeforeSuite setExtent -->
  <testcase classname="com.Amazon.tests.BaseTest" name="@BeforeSuite setExtent" time="0.0">
    <ignored/>
  </testcase> <!-- @BeforeSuite setExtent -->
  <testcase classname="com.Amazon.tests.BaseTest" name="@BeforeSuite setExtent" time="0.0">
    <ignored/>
  </testcase> <!-- @BeforeSuite setExtent -->
  <testcase classname="com.Amazon.tests.BaseTest" name="@AfterSuite closeBrowser" time="0.0">
    <ignored/>
  </testcase> <!-- @AfterSuite closeBrowser -->
  <testcase classname="com.Amazon.tests.BaseTest" name="@AfterSuite closeBrowser" time="0.0">
    <ignored/>
  </testcase> <!-- @AfterSuite closeBrowser -->
  <testcase classname="com.Amazon.tests.BaseTest" name="@AfterSuite closeBrowser" time="0.0">
    <ignored/>
  </testcase> <!-- @AfterSuite closeBrowser -->
  <testcase classname="com.Amazon.tests.BaseTest" name="@AfterSuite closeBrowser" time="0.0">
    <ignored/>
  </testcase> <!-- @AfterSuite closeBrowser -->
  <testcase classname="com.Amazon.tests.BaseTest" name="@AfterSuite closeBrowser" time="0.0">
    <ignored/>
  </testcase> <!-- @AfterSuite closeBrowser -->
  <testcase classname="com.Amazon.tests.BaseTest" name="@AfterSuite closeBrowser" time="0.0">
    <ignored/>
  </testcase> <!-- @AfterSuite closeBrowser -->
  <testcase classname="com.Amazon.tests.BaseTest" name="@AfterSuite closeBrowser" time="0.0">
    <ignored/>
  </testcase> <!-- @AfterSuite closeBrowser -->
  <testcase classname="com.Amazon.tests.BaseTest" name="@AfterSuite closeBrowser" time="0.0">
    <ignored/>
  </testcase> <!-- @AfterSuite closeBrowser -->
  <testcase classname="com.Amazon.tests.BaseTest" name="@AfterSuite closeBrowser" time="0.0">
    <ignored/>
  </testcase> <!-- @AfterSuite closeBrowser -->
  <testcase classname="com.Amazon.tests.BaseTest" name="@BeforeSuite inializeWebDriver" time="0.0">
    <ignored/>
  </testcase> <!-- @BeforeSuite inializeWebDriver -->
  <testcase classname="com.Amazon.tests.BaseTest" name="@BeforeSuite inializeWebDriver" time="0.0">
    <ignored/>
  </testcase> <!-- @BeforeSuite inializeWebDriver -->
  <testcase classname="com.Amazon.tests.BaseTest" name="@BeforeSuite inializeWebDriver" time="0.0">
    <ignored/>
  </testcase> <!-- @BeforeSuite inializeWebDriver -->
  <testcase classname="com.Amazon.tests.BaseTest" name="@BeforeSuite inializeWebDriver" time="0.0">
    <ignored/>
  </testcase> <!-- @BeforeSuite inializeWebDriver -->
  <testcase classname="com.Amazon.tests.BaseTest" name="@BeforeSuite inializeWebDriver" time="0.0">
    <ignored/>
  </testcase> <!-- @BeforeSuite inializeWebDriver -->
  <testcase classname="com.Amazon.tests.BaseTest" name="@BeforeSuite inializeWebDriver" time="0.0">
    <ignored/>
  </testcase> <!-- @BeforeSuite inializeWebDriver -->
  <testcase classname="com.Amazon.tests.BaseTest" name="@BeforeSuite inializeWebDriver" time="0.0">
    <ignored/>
  </testcase> <!-- @BeforeSuite inializeWebDriver -->
  <testcase classname="com.Amazon.tests.BaseTest" name="@BeforeSuite inializeWebDriver" time="0.0">
    <ignored/>
  </testcase> <!-- @BeforeSuite inializeWebDriver -->
  <testcase classname="com.Amazon.tests.BaseTest" name="@BeforeSuite inializeWebDriver" time="0.0">
    <ignored/>
  </testcase> <!-- @BeforeSuite inializeWebDriver -->
</testsuite> <!-- Test -->
