<!DOCTYPE html>

<html>
  <head>
  <meta charset='utf-8'>
  <title>TestNG reports</title>

    <link type="text/css" href="testng-reports1.css" rel="stylesheet" id="ultra" />
    <link type="text/css" href="testng-reports.css" rel="stylesheet" id="retro" disabled="false"/>
    <script type="text/javascript" src="jquery.min.js"></script>
    <script type="text/javascript" src="testng-reports.js"></script>
    <script type="text/javascript" src="https://www.google.com/jsapi"></script>
    <script type='text/javascript'>
      google.load('visualization', '1', {packages:['table']});
      google.setOnLoadCallback(drawTable);
      var suiteTableInitFunctions = new Array();
      var suiteTableData = new Array();
    </script>
    <!--
      <script type="text/javascript" src="jquery-ui/js/jquery-ui-1.8.16.custom.min.js"></script>
     -->
  </head>

  <body>
    <div class="top-banner-root">
      <span class="top-banner-title-font">Test results</span>
      <button id="button" class="button">Switch Retro Theme</button> <!-- button -->
      <br/>
      <span class="top-banner-font-1">1 suite, 4 failed tests</span>
    </div> <!-- top-banner-root -->
    <div class="navigator-root">
      <div class="navigator-suite-header">
        <span>All suites</span>
        <a href="#" title="Collapse/expand all the suites" class="collapse-all-link">
          <img src="collapseall.gif" class="collapse-all-icon">
          </img> <!-- collapse-all-icon -->
        </a> <!-- collapse-all-link -->
      </div> <!-- navigator-suite-header -->
      <div class="suite">
        <div class="rounded-window">
          <div class="suite-header light-rounded-window-top">
            <a href="#" panel-name="suite-Suite" class="navigator-link">
              <span class="suite-name border-failed">Suite</span>
            </a> <!-- navigator-link -->
          </div> <!-- suite-header light-rounded-window-top -->
          <div class="navigator-suite-content">
            <div class="suite-section-title">
              <span>Info</span>
            </div> <!-- suite-section-title -->
            <div class="suite-section-content">
              <ul>
                <li>
                  <a href="#" panel-name="test-xml-Suite" class="navigator-link ">
                    <span>C:\Users\sakshamsinghal\Downloads\Sangeetha_Panicker_E3183496_Selenium\Amazon_Assignment3\testng.xml</span>
                  </a> <!-- navigator-link  -->
                </li>
                <li>
                  <a href="#" panel-name="testlist-Suite" class="navigator-link ">
                    <span class="test-stats">1 test</span>
                  </a> <!-- navigator-link  -->
                </li>
                <li>
                  <a href="#" panel-name="group-Suite" class="navigator-link ">
                    <span>4 groups</span>
                  </a> <!-- navigator-link  -->
                </li>
                <li>
                  <a href="#" panel-name="times-Suite" class="navigator-link ">
                    <span>Times</span>
                  </a> <!-- navigator-link  -->
                </li>
                <li>
                  <a href="#" panel-name="reporter-Suite" class="navigator-link ">
                    <span>Reporter output</span>
                  </a> <!-- navigator-link  -->
                </li>
                <li>
                  <a href="#" panel-name="ignored-methods-Suite" class="navigator-link ">
                    <span>Ignored methods</span>
                  </a> <!-- navigator-link  -->
                </li>
                <li>
                  <a href="#" panel-name="chronological-Suite" class="navigator-link ">
                    <span>Chronological view</span>
                  </a> <!-- navigator-link  -->
                </li>
              </ul>
            </div> <!-- suite-section-content -->
            <div class="result-section">
              <div class="suite-section-title">
                <span>Results</span>
              </div> <!-- suite-section-title -->
              <div class="suite-section-content">
                <ul>
                  <li>
                    <span class="method-stats">16 methods, 4 failed,   12 passed</span>
                  </li>
                  <li>
                    <span class="method-list-title failed">Failed methods</span>
                    <span class="show-or-hide-methods failed">
                      <a href="#" panel-name="suite-Suite" class="hide-methods failed suite-Suite"> (hide)</a> <!-- hide-methods failed suite-Suite -->
                      <a href="#" panel-name="suite-Suite" class="show-methods failed suite-Suite"> (show)</a> <!-- show-methods failed suite-Suite -->
                    </span>
                    <div class="method-list-content failed suite-Suite">
                      <span>
                        <img src="failed.png" width="3%"/>
                        <a href="#" panel-name="suite-Suite" title="com.Amazon.tests.addAddressTest" class="method navigator-link" hash-for-method="InvalidAddPin">InvalidAddPin</a> <!-- method navigator-link -->
                      </span>
                      <br/>
                      <span>
                        <img src="failed.png" width="3%"/>
                        <a href="#" panel-name="suite-Suite" title="com.Amazon.tests.changePassword_Test" class="method navigator-link" hash-for-method="pass(sangeetha@gmail.com)">pass(sangeetha@gmail.com)</a> <!-- method navigator-link -->
                      </span>
                      <br/>
                      <span>
                        <img src="failed.png" width="3%"/>
                        <a href="#" panel-name="suite-Suite" title="com.Amazon.tests.sortPurchase_Test" class="method navigator-link" hash-for-method="sorting">sorting</a> <!-- method navigator-link -->
                      </span>
                      <br/>
                      <span>
                        <img src="failed.png" width="3%"/>
                        <a href="#" panel-name="suite-Suite" title="com.Amazon.tests.amazonPrimeTest" class="method navigator-link" hash-for-method="subscription(sangeetha@gmail.com, 121222)">subscription(sangeetha@gmail.com, 121222)</a> <!-- method navigator-link -->
                      </span>
                      <br/>
                    </div> <!-- method-list-content failed suite-Suite -->
                  </li>
                  <li>
                    <span class="method-list-title passed">Passed methods</span>
                    <span class="show-or-hide-methods passed">
                      <a href="#" panel-name="suite-Suite" class="hide-methods passed suite-Suite"> (hide)</a> <!-- hide-methods passed suite-Suite -->
                      <a href="#" panel-name="suite-Suite" class="show-methods passed suite-Suite"> (show)</a> <!-- show-methods passed suite-Suite -->
                    </span>
                    <div class="method-list-content passed suite-Suite">
                      <span>
                        <img src="passed.png" width="3%"/>
                        <a href="#" panel-name="suite-Suite" title="com.Amazon.tests.addAddressTest" class="method navigator-link" hash-for-method="addByPin">addByPin</a> <!-- method navigator-link -->
                      </span>
                      <br/>
                      <span>
                        <img src="passed.png" width="3%"/>
                        <a href="#" panel-name="suite-Suite" title="com.Amazon.tests.addToCartTest" class="method navigator-link" hash-for-method="addToCart">addToCart</a> <!-- method navigator-link -->
                      </span>
                      <br/>
                      <span>
                        <img src="passed.png" width="3%"/>
                        <a href="#" panel-name="suite-Suite" title="com.Amazon.tests.changeCountry_Test" class="method navigator-link" hash-for-method="clickOnCountry_Button">clickOnCountry_Button</a> <!-- method navigator-link -->
                      </span>
                      <br/>
                      <span>
                        <img src="passed.png" width="3%"/>
                        <a href="#" panel-name="suite-Suite" title="com.Amazon.tests.forwardAndBackward_Pic_Test" class="method navigator-link" hash-for-method="clickOnImage">clickOnImage</a> <!-- method navigator-link -->
                      </span>
                      <br/>
                      <span>
                        <img src="passed.png" width="3%"/>
                        <a href="#" panel-name="suite-Suite" title="com.Amazon.tests.addToCartTest" class="method navigator-link" hash-for-method="findBlankText">findBlankText</a> <!-- method navigator-link -->
                      </span>
                      <br/>
                      <span>
                        <img src="passed.png" width="3%"/>
                        <a href="#" panel-name="suite-Suite" title="com.Amazon.tests.SignInTest" class="method navigator-link" hash-for-method="invaildLogin(sangeetha, 12345)">invaildLogin(sangeetha, 12345)</a> <!-- method navigator-link -->
                      </span>
                      <br/>
                      <span>
                        <img src="passed.png" width="3%"/>
                        <a href="#" panel-name="suite-Suite" title="com.Amazon.tests.YourAccountSection_Test" class="method navigator-link" hash-for-method="payementOption(sangeetha@gmail.com, 121222)">payementOption(sangeetha@gmail.com, 121222)</a> <!-- method navigator-link -->
                      </span>
                      <br/>
                      <span>
                        <img src="passed.png" width="3%"/>
                        <a href="#" panel-name="suite-Suite" title="com.Amazon.tests.YourAccountSection_Test" class="method navigator-link" hash-for-method="signInandSecurity(sangeetha@gmail.com, 121222)">signInandSecurity(sangeetha@gmail.com, 121222)</a> <!-- method navigator-link -->
                      </span>
                      <br/>
                      <span>
                        <img src="passed.png" width="3%"/>
                        <a href="#" panel-name="suite-Suite" title="com.Amazon.tests.addAddressTest" class="method navigator-link" hash-for-method="througSignIN">througSignIN</a> <!-- method navigator-link -->
                      </span>
                      <br/>
                      <span>
                        <img src="passed.png" width="3%"/>
                        <a href="#" panel-name="suite-Suite" title="com.Amazon.tests.SignInTest" class="method navigator-link" hash-for-method="validLogin(sangeetha@gmail.com, 121222)">validLogin(sangeetha@gmail.com, 121222)</a> <!-- method navigator-link -->
                      </span>
                      <br/>
                      <span>
                        <img src="passed.png" width="3%"/>
                        <a href="#" panel-name="suite-Suite" title="com.Amazon.tests.SignUpTest" class="method navigator-link" hash-for-method="validRegistration">validRegistration</a> <!-- method navigator-link -->
                      </span>
                      <br/>
                      <span>
                        <img src="passed.png" width="3%"/>
                        <a href="#" panel-name="suite-Suite" title="com.Amazon.tests.YourAccountSection_Test" class="method navigator-link" hash-for-method="yourOrder(sangeetha@gmail.com, 121222)">yourOrder(sangeetha@gmail.com, 121222)</a> <!-- method navigator-link -->
                      </span>
                      <br/>
                    </div> <!-- method-list-content passed suite-Suite -->
                  </li>
                </ul>
              </div> <!-- suite-section-content -->
            </div> <!-- result-section -->
          </div> <!-- navigator-suite-content -->
        </div> <!-- rounded-window -->
      </div> <!-- suite -->
    </div> <!-- navigator-root -->
    <div class="wrapper">
      <div class="main-panel-root">
        <div panel-name="suite-Suite" class="panel Suite">
          <div class="suite-Suite-class-failed">
            <div class="main-panel-header rounded-window-top">
              <img src="failed.png"/>
              <span class="class-name">com.Amazon.tests.changePassword_Test</span>
            </div> <!-- main-panel-header rounded-window-top -->
            <div class="main-panel-content rounded-window-bottom">
              <div class="method">
                <div class="method-content">
                  <a name="pass(sangeetha@gmail.com)">
                  </a> <!-- pass(sangeetha@gmail.com) -->
                  <span class="method-name">pass</span>
                  <span class="parameters">(sangeetha@gmail.com)</span>
                  <div class="stack-trace">org.openqa.selenium.NoSuchElementException: no such element: Unable to locate element: {&quot;method&quot;:&quot;xpath&quot;,&quot;selector&quot;:&quot;	//a[@id=&apos;auth-fpp-link-bottom&apos;]
&quot;}
  (Session info: chrome=101.0.4951.67)
For documentation on this error, please visit: https://www.seleniumhq.org/exceptions/no_such_element.html
Build info: version: &apos;3.141.59&apos;, revision: &apos;e82be7d358&apos;, time: &apos;2018-11-14T08:17:03&apos;
System info: host: &apos;IN-PG02P4WW&apos;, ip: &apos;192.168.29.172&apos;, os.name: &apos;Windows 10&apos;, os.arch: &apos;amd64&apos;, os.version: &apos;10.0&apos;, java.version: &apos;11.0.1&apos;
Driver info: org.openqa.selenium.chrome.ChromeDriver
Capabilities {acceptInsecureCerts: false, browserName: chrome, browserVersion: 101.0.4951.67, chrome: {chromedriverVersion: 101.0.4951.41 (93c720db8323..., userDataDir: C:\Users\SAKSHA~1\AppData\L...}, goog:chromeOptions: {debuggerAddress: localhost:51096}, javascriptEnabled: true, networkConnectionEnabled: false, pageLoadStrategy: normal, platform: WINDOWS, platformName: WINDOWS, proxy: Proxy(), setWindowRect: true, strictFileInteractability: false, timeouts: {implicit: 0, pageLoad: 300000, script: 30000}, unhandledPromptBehavior: dismiss and notify, webauthn:extension:credBlob: true, webauthn:extension:largeBlob: true, webauthn:virtualAuthenticators: true}
Session ID: 48b95823c57290eaad0c2a7da40d6aa5
*** Element info: {Using=xpath, value=	//a[@id=&apos;auth-fpp-link-bottom&apos;]
}
	at org.openqa.selenium.remote.http.W3CHttpResponseCodec.createException(W3CHttpResponseCodec.java:187)
	at org.openqa.selenium.remote.http.W3CHttpResponseCodec.decode(W3CHttpResponseCodec.java:122)
	at org.openqa.selenium.remote.http.W3CHttpResponseCodec.decode(W3CHttpResponseCodec.java:49)
	at org.openqa.selenium.remote.HttpCommandExecutor.execute(HttpCommandExecutor.java:158)
	at org.openqa.selenium.remote.service.DriverCommandExecutor.execute(DriverCommandExecutor.java:83)
	at org.openqa.selenium.remote.RemoteWebDriver.execute(RemoteWebDriver.java:552)
	at org.openqa.selenium.remote.RemoteWebDriver.findElement(RemoteWebDriver.java:323)
	at org.openqa.selenium.remote.RemoteWebDriver.findElementByXPath(RemoteWebDriver.java:428)
	at org.openqa.selenium.By$ByXPath.findElement(By.java:353)
	at org.openqa.selenium.remote.RemoteWebDriver.findElement(RemoteWebDriver.java:315)
	at org.openqa.selenium.support.pagefactory.DefaultElementLocator.findElement(DefaultElementLocator.java:69)
	at org.openqa.selenium.support.pagefactory.internal.LocatingElementHandler.invoke(LocatingElementHandler.java:38)
	at com.sun.proxy.$Proxy16.click(Unknown Source)
	at com.Amazon.pages.changePassword.forgotPassword(changePassword.java:28)
	at com.Amazon.tests.changePassword_Test.pass(changePassword_Test.java:22)
	at java.base/java.util.ArrayList.forEach(ArrayList.java:1540)
... Removed 31 stack frames
</div> <!-- stack-trace -->
                </div> <!-- method-content -->
              </div> <!-- method -->
            </div> <!-- main-panel-content rounded-window-bottom -->
          </div> <!-- suite-Suite-class-failed -->
          <div class="suite-Suite-class-failed">
            <div class="main-panel-header rounded-window-top">
              <img src="failed.png"/>
              <span class="class-name">com.Amazon.tests.addAddressTest</span>
            </div> <!-- main-panel-header rounded-window-top -->
            <div class="main-panel-content rounded-window-bottom">
              <div class="method">
                <div class="method-content">
                  <a name="InvalidAddPin">
                  </a> <!-- InvalidAddPin -->
                  <span class="method-name">InvalidAddPin</span>
                  <div class="stack-trace">java.lang.AssertionError: expected [Online Shopping site in India: Shop Online for Mobiles, Books, Watches, Shoes and More] but found [Online Shopping site in India: Shop Online for Mobiles, Books, Watches, Shoes and More - Amazon.in]
	at com.Amazon.tests.addAddressTest.InvalidAddPin(addAddressTest.java:59)
	at java.base/java.util.ArrayList.forEach(ArrayList.java:1540)
... Removed 33 stack frames
</div> <!-- stack-trace -->
                </div> <!-- method-content -->
              </div> <!-- method -->
            </div> <!-- main-panel-content rounded-window-bottom -->
          </div> <!-- suite-Suite-class-failed -->
          <div class="suite-Suite-class-failed">
            <div class="main-panel-header rounded-window-top">
              <img src="failed.png"/>
              <span class="class-name">com.Amazon.tests.sortPurchase_Test</span>
            </div> <!-- main-panel-header rounded-window-top -->
            <div class="main-panel-content rounded-window-bottom">
              <div class="method">
                <div class="method-content">
                  <a name="sorting">
                  </a> <!-- sorting -->
                  <span class="method-name">sorting</span>
                  <div class="stack-trace">org.openqa.selenium.NoSuchElementException: no such element: Unable to locate element: {&quot;method&quot;:&quot;xpath&quot;,&quot;selector&quot;:&quot;//li[@id=&apos;p_90/6741118031&apos;]//i[@class=&apos;a-icon a-icon-checkbox&apos;]&quot;}
  (Session info: chrome=101.0.4951.67)
For documentation on this error, please visit: https://www.seleniumhq.org/exceptions/no_such_element.html
Build info: version: &apos;3.141.59&apos;, revision: &apos;e82be7d358&apos;, time: &apos;2018-11-14T08:17:03&apos;
System info: host: &apos;IN-PG02P4WW&apos;, ip: &apos;192.168.29.172&apos;, os.name: &apos;Windows 10&apos;, os.arch: &apos;amd64&apos;, os.version: &apos;10.0&apos;, java.version: &apos;11.0.1&apos;
Driver info: org.openqa.selenium.chrome.ChromeDriver
Capabilities {acceptInsecureCerts: false, browserName: chrome, browserVersion: 101.0.4951.67, chrome: {chromedriverVersion: 101.0.4951.41 (93c720db8323..., userDataDir: C:\Users\SAKSHA~1\AppData\L...}, goog:chromeOptions: {debuggerAddress: localhost:51096}, javascriptEnabled: true, networkConnectionEnabled: false, pageLoadStrategy: normal, platform: WINDOWS, platformName: WINDOWS, proxy: Proxy(), setWindowRect: true, strictFileInteractability: false, timeouts: {implicit: 0, pageLoad: 300000, script: 30000}, unhandledPromptBehavior: dismiss and notify, webauthn:extension:credBlob: true, webauthn:extension:largeBlob: true, webauthn:virtualAuthenticators: true}
Session ID: 48b95823c57290eaad0c2a7da40d6aa5
*** Element info: {Using=xpath, value=//li[@id=&apos;p_90/6741118031&apos;]//i[@class=&apos;a-icon a-icon-checkbox&apos;]}
	at org.openqa.selenium.remote.http.W3CHttpResponseCodec.createException(W3CHttpResponseCodec.java:187)
	at org.openqa.selenium.remote.http.W3CHttpResponseCodec.decode(W3CHttpResponseCodec.java:122)
	at org.openqa.selenium.remote.http.W3CHttpResponseCodec.decode(W3CHttpResponseCodec.java:49)
	at org.openqa.selenium.remote.HttpCommandExecutor.execute(HttpCommandExecutor.java:158)
	at org.openqa.selenium.remote.service.DriverCommandExecutor.execute(DriverCommandExecutor.java:83)
	at org.openqa.selenium.remote.RemoteWebDriver.execute(RemoteWebDriver.java:552)
	at org.openqa.selenium.remote.RemoteWebDriver.findElement(RemoteWebDriver.java:323)
	at org.openqa.selenium.remote.RemoteWebDriver.findElementByXPath(RemoteWebDriver.java:428)
	at org.openqa.selenium.By$ByXPath.findElement(By.java:353)
	at org.openqa.selenium.remote.RemoteWebDriver.findElement(RemoteWebDriver.java:315)
	at org.openqa.selenium.support.pagefactory.DefaultElementLocator.findElement(DefaultElementLocator.java:69)
	at org.openqa.selenium.support.pagefactory.internal.LocatingElementHandler.invoke(LocatingElementHandler.java:38)
	at com.sun.proxy.$Proxy16.click(Unknown Source)
	at com.Amazon.pages.sortPurchase.getItByTomorrow(sortPurchase.java:42)
	at com.Amazon.tests.sortPurchase_Test.sorting(sortPurchase_Test.java:28)
	at java.base/java.util.ArrayList.forEach(ArrayList.java:1540)
... Removed 31 stack frames
</div> <!-- stack-trace -->
                </div> <!-- method-content -->
              </div> <!-- method -->
            </div> <!-- main-panel-content rounded-window-bottom -->
          </div> <!-- suite-Suite-class-failed -->
          <div class="suite-Suite-class-failed">
            <div class="main-panel-header rounded-window-top">
              <img src="failed.png"/>
              <span class="class-name">com.Amazon.tests.amazonPrimeTest</span>
            </div> <!-- main-panel-header rounded-window-top -->
            <div class="main-panel-content rounded-window-bottom">
              <div class="method">
                <div class="method-content">
                  <a name="subscription(sangeetha@gmail.com, 121222)">
                  </a> <!-- subscription(sangeetha@gmail.com, 121222) -->
                  <span class="method-name">subscription</span>
                  <span class="parameters">(sangeetha@gmail.com, 121222)</span>
                  <div class="stack-trace">org.openqa.selenium.NoSuchElementException: no such element: Unable to locate element: {&quot;method&quot;:&quot;xpath&quot;,&quot;selector&quot;:&quot; //span[@class=&apos;pv-nav-link-with-droplist&apos;]//span//a[@id=&apos;pv-nav-sign-in&apos;]&quot;}
  (Session info: chrome=101.0.4951.67)
For documentation on this error, please visit: https://www.seleniumhq.org/exceptions/no_such_element.html
Build info: version: &apos;3.141.59&apos;, revision: &apos;e82be7d358&apos;, time: &apos;2018-11-14T08:17:03&apos;
System info: host: &apos;IN-PG02P4WW&apos;, ip: &apos;192.168.29.172&apos;, os.name: &apos;Windows 10&apos;, os.arch: &apos;amd64&apos;, os.version: &apos;10.0&apos;, java.version: &apos;11.0.1&apos;
Driver info: org.openqa.selenium.chrome.ChromeDriver
Capabilities {acceptInsecureCerts: false, browserName: chrome, browserVersion: 101.0.4951.67, chrome: {chromedriverVersion: 101.0.4951.41 (93c720db8323..., userDataDir: C:\Users\SAKSHA~1\AppData\L...}, goog:chromeOptions: {debuggerAddress: localhost:51096}, javascriptEnabled: true, networkConnectionEnabled: false, pageLoadStrategy: normal, platform: WINDOWS, platformName: WINDOWS, proxy: Proxy(), setWindowRect: true, strictFileInteractability: false, timeouts: {implicit: 0, pageLoad: 300000, script: 30000}, unhandledPromptBehavior: dismiss and notify, webauthn:extension:credBlob: true, webauthn:extension:largeBlob: true, webauthn:virtualAuthenticators: true}
Session ID: 48b95823c57290eaad0c2a7da40d6aa5
*** Element info: {Using=xpath, value= //span[@class=&apos;pv-nav-link-with-droplist&apos;]//span//a[@id=&apos;pv-nav-sign-in&apos;]}
	at org.openqa.selenium.remote.http.W3CHttpResponseCodec.createException(W3CHttpResponseCodec.java:187)
	at org.openqa.selenium.remote.http.W3CHttpResponseCodec.decode(W3CHttpResponseCodec.java:122)
	at org.openqa.selenium.remote.http.W3CHttpResponseCodec.decode(W3CHttpResponseCodec.java:49)
	at org.openqa.selenium.remote.HttpCommandExecutor.execute(HttpCommandExecutor.java:158)
	at org.openqa.selenium.remote.service.DriverCommandExecutor.execute(DriverCommandExecutor.java:83)
	at org.openqa.selenium.remote.RemoteWebDriver.execute(RemoteWebDriver.java:552)
	at org.openqa.selenium.remote.RemoteWebDriver.findElement(RemoteWebDriver.java:323)
	at org.openqa.selenium.remote.RemoteWebDriver.findElementByXPath(RemoteWebDriver.java:428)
	at org.openqa.selenium.By$ByXPath.findElement(By.java:353)
	at org.openqa.selenium.remote.RemoteWebDriver.findElement(RemoteWebDriver.java:315)
	at org.openqa.selenium.support.pagefactory.DefaultElementLocator.findElement(DefaultElementLocator.java:69)
	at org.openqa.selenium.support.pagefactory.internal.LocatingElementHandler.invoke(LocatingElementHandler.java:38)
	at com.sun.proxy.$Proxy16.click(Unknown Source)
	at com.Amazon.pages.amazonPrime.signInButton(amazonPrime.java:43)
	at com.Amazon.tests.amazonPrimeTest.subscription(amazonPrimeTest.java:21)
	at java.base/java.util.ArrayList.forEach(ArrayList.java:1540)
... Removed 31 stack frames
</div> <!-- stack-trace -->
                </div> <!-- method-content -->
              </div> <!-- method -->
            </div> <!-- main-panel-content rounded-window-bottom -->
          </div> <!-- suite-Suite-class-failed -->
          <div class="suite-Suite-class-passed">
            <div class="main-panel-header rounded-window-top">
              <img src="passed.png"/>
              <span class="class-name">com.Amazon.tests.YourAccountSection_Test</span>
            </div> <!-- main-panel-header rounded-window-top -->
            <div class="main-panel-content rounded-window-bottom">
              <div class="method">
                <div class="method-content">
                  <a name="payementOption(sangeetha@gmail.com, 121222)">
                  </a> <!-- payementOption(sangeetha@gmail.com, 121222) -->
                  <span class="method-name">payementOption</span>
                  <span class="parameters">(sangeetha@gmail.com, 121222)</span>
                </div> <!-- method-content -->
              </div> <!-- method -->
              <div class="method">
                <div class="method-content">
                  <a name="signInandSecurity(sangeetha@gmail.com, 121222)">
                  </a> <!-- signInandSecurity(sangeetha@gmail.com, 121222) -->
                  <span class="method-name">signInandSecurity</span>
                  <span class="parameters">(sangeetha@gmail.com, 121222)</span>
                </div> <!-- method-content -->
              </div> <!-- method -->
              <div class="method">
                <div class="method-content">
                  <a name="yourOrder(sangeetha@gmail.com, 121222)">
                  </a> <!-- yourOrder(sangeetha@gmail.com, 121222) -->
                  <span class="method-name">yourOrder</span>
                  <span class="parameters">(sangeetha@gmail.com, 121222)</span>
                </div> <!-- method-content -->
              </div> <!-- method -->
            </div> <!-- main-panel-content rounded-window-bottom -->
          </div> <!-- suite-Suite-class-passed -->
          <div class="suite-Suite-class-passed">
            <div class="main-panel-header rounded-window-top">
              <img src="passed.png"/>
              <span class="class-name">com.Amazon.tests.addAddressTest</span>
            </div> <!-- main-panel-header rounded-window-top -->
            <div class="main-panel-content rounded-window-bottom">
              <div class="method">
                <div class="method-content">
                  <a name="addByPin">
                  </a> <!-- addByPin -->
                  <span class="method-name">addByPin</span>
                </div> <!-- method-content -->
              </div> <!-- method -->
              <div class="method">
                <div class="method-content">
                  <a name="througSignIN">
                  </a> <!-- througSignIN -->
                  <span class="method-name">througSignIN</span>
                </div> <!-- method-content -->
              </div> <!-- method -->
            </div> <!-- main-panel-content rounded-window-bottom -->
          </div> <!-- suite-Suite-class-passed -->
          <div class="suite-Suite-class-passed">
            <div class="main-panel-header rounded-window-top">
              <img src="passed.png"/>
              <span class="class-name">com.Amazon.tests.SignUpTest</span>
            </div> <!-- main-panel-header rounded-window-top -->
            <div class="main-panel-content rounded-window-bottom">
              <div class="method">
                <div class="method-content">
                  <a name="validRegistration">
                  </a> <!-- validRegistration -->
                  <span class="method-name">validRegistration</span>
                </div> <!-- method-content -->
              </div> <!-- method -->
            </div> <!-- main-panel-content rounded-window-bottom -->
          </div> <!-- suite-Suite-class-passed -->
          <div class="suite-Suite-class-passed">
            <div class="main-panel-header rounded-window-top">
              <img src="passed.png"/>
              <span class="class-name">com.Amazon.tests.SignInTest</span>
            </div> <!-- main-panel-header rounded-window-top -->
            <div class="main-panel-content rounded-window-bottom">
              <div class="method">
                <div class="method-content">
                  <a name="invaildLogin(sangeetha, 12345)">
                  </a> <!-- invaildLogin(sangeetha, 12345) -->
                  <span class="method-name">invaildLogin</span>
                  <span class="parameters">(sangeetha, 12345)</span>
                </div> <!-- method-content -->
              </div> <!-- method -->
              <div class="method">
                <div class="method-content">
                  <a name="validLogin(sangeetha@gmail.com, 121222)">
                  </a> <!-- validLogin(sangeetha@gmail.com, 121222) -->
                  <span class="method-name">validLogin</span>
                  <span class="parameters">(sangeetha@gmail.com, 121222)</span>
                </div> <!-- method-content -->
              </div> <!-- method -->
            </div> <!-- main-panel-content rounded-window-bottom -->
          </div> <!-- suite-Suite-class-passed -->
          <div class="suite-Suite-class-passed">
            <div class="main-panel-header rounded-window-top">
              <img src="passed.png"/>
              <span class="class-name">com.Amazon.tests.forwardAndBackward_Pic_Test</span>
            </div> <!-- main-panel-header rounded-window-top -->
            <div class="main-panel-content rounded-window-bottom">
              <div class="method">
                <div class="method-content">
                  <a name="clickOnImage">
                  </a> <!-- clickOnImage -->
                  <span class="method-name">clickOnImage</span>
                </div> <!-- method-content -->
              </div> <!-- method -->
            </div> <!-- main-panel-content rounded-window-bottom -->
          </div> <!-- suite-Suite-class-passed -->
          <div class="suite-Suite-class-passed">
            <div class="main-panel-header rounded-window-top">
              <img src="passed.png"/>
              <span class="class-name">com.Amazon.tests.addToCartTest</span>
            </div> <!-- main-panel-header rounded-window-top -->
            <div class="main-panel-content rounded-window-bottom">
              <div class="method">
                <div class="method-content">
                  <a name="addToCart">
                  </a> <!-- addToCart -->
                  <span class="method-name">addToCart</span>
                </div> <!-- method-content -->
              </div> <!-- method -->
              <div class="method">
                <div class="method-content">
                  <a name="findBlankText">
                  </a> <!-- findBlankText -->
                  <span class="method-name">findBlankText</span>
                </div> <!-- method-content -->
              </div> <!-- method -->
            </div> <!-- main-panel-content rounded-window-bottom -->
          </div> <!-- suite-Suite-class-passed -->
          <div class="suite-Suite-class-passed">
            <div class="main-panel-header rounded-window-top">
              <img src="passed.png"/>
              <span class="class-name">com.Amazon.tests.changeCountry_Test</span>
            </div> <!-- main-panel-header rounded-window-top -->
            <div class="main-panel-content rounded-window-bottom">
              <div class="method">
                <div class="method-content">
                  <a name="clickOnCountry_Button">
                  </a> <!-- clickOnCountry_Button -->
                  <span class="method-name">clickOnCountry_Button</span>
                </div> <!-- method-content -->
              </div> <!-- method -->
            </div> <!-- main-panel-content rounded-window-bottom -->
          </div> <!-- suite-Suite-class-passed -->
        </div> <!-- panel Suite -->
        <div panel-name="test-xml-Suite" class="panel">
          <div class="main-panel-header rounded-window-top">
            <span class="header-content">C:\Users\sakshamsinghal\Downloads\Sangeetha_Panicker_E3183496_Selenium\Amazon_Assignment3\testng.xml</span>
          </div> <!-- main-panel-header rounded-window-top -->
          <div class="main-panel-content rounded-window-bottom">
            <pre>
&lt;?xml version=&quot;1.0&quot; encoding=&quot;UTF-8&quot;?&gt;
&lt;!DOCTYPE suite SYSTEM &quot;https://testng.org/testng-1.0.dtd&quot;&gt;
&lt;suite name=&quot;Suite&quot; guice-stage=&quot;DEVELOPMENT&quot;&gt;
  &lt;test thread-count=&quot;5&quot; name=&quot;Test&quot;&gt;
    &lt;parameter name=&quot;password&quot; value=&quot;121222&quot;/&gt;
    &lt;parameter name=&quot;invalidPassword&quot; value=&quot;12345&quot;/&gt;
    &lt;parameter name=&quot;email&quot; value=&quot;sangeetha@gmail.com&quot;/&gt;
    &lt;parameter name=&quot;invalidEmail&quot; value=&quot;sangeetha&quot;/&gt;
    &lt;groups&gt;
      &lt;run&gt;
        &lt;include name=&quot;check&quot;/&gt;
        &lt;include name=&quot;valid&quot;/&gt;
        &lt;include name=&quot;invalid&quot;/&gt;
        &lt;exclude name=&quot;&quot;/&gt;
      &lt;/run&gt;
    &lt;/groups&gt;
    &lt;classes&gt;
      &lt;class name=&quot;com.Amazon.tests.addAddressTest&quot;/&gt;
      &lt;class name=&quot;com.Amazon.tests.amazonPrimeTest&quot;/&gt;
      &lt;class name=&quot;com.Amazon.tests.sortPurchase_Test&quot;/&gt;
      &lt;class name=&quot;com.Amazon.tests.changeCountry_Test&quot;/&gt;
      &lt;class name=&quot;com.Amazon.tests.forwardAndBackward_Pic_Test&quot;/&gt;
      &lt;class name=&quot;com.Amazon.tests.addToCartTest&quot;/&gt;
      &lt;class name=&quot;com.Amazon.tests.changePassword_Test&quot;/&gt;
      &lt;class name=&quot;com.Amazon.tests.SignInTest&quot;/&gt;
      &lt;class name=&quot;com.Amazon.tests.SignUpTest&quot;/&gt;
      &lt;class name=&quot;com.Amazon.tests.YourAccountSection_Test&quot;/&gt;
    &lt;/classes&gt;
  &lt;/test&gt; &lt;!-- Test --&gt;
&lt;/suite&gt; &lt;!-- Suite --&gt;
            </pre>
          </div> <!-- main-panel-content rounded-window-bottom -->
        </div> <!-- panel -->
        <div panel-name="testlist-Suite" class="panel">
          <div class="main-panel-header rounded-window-top">
            <span class="header-content">Tests for Suite</span>
          </div> <!-- main-panel-header rounded-window-top -->
          <div class="main-panel-content rounded-window-bottom">
            <ul>
              <li>
                <span class="test-name">Test (10 classes)</span>
              </li>
            </ul>
          </div> <!-- main-panel-content rounded-window-bottom -->
        </div> <!-- panel -->
        <div panel-name="group-Suite" class="panel">
          <div class="main-panel-header rounded-window-top">
            <span class="header-content">Groups for Suite</span>
          </div> <!-- main-panel-header rounded-window-top -->
          <div class="main-panel-content rounded-window-bottom">
            <div class="test-group">
              <span class="test-group-name">check</span>
              <br/>
              <div class="method-in-group">
                <span class="method-in-group-name">InvalidAddPin</span>
                <br/>
              </div> <!-- method-in-group -->
              <div class="method-in-group">
                <span class="method-in-group-name">addByPin</span>
                <br/>
              </div> <!-- method-in-group -->
              <div class="method-in-group">
                <span class="method-in-group-name">througSignIN</span>
                <br/>
              </div> <!-- method-in-group -->
            </div> <!-- test-group -->
            <div class="test-group">
              <span class="test-group-name">invalid</span>
              <br/>
              <div class="method-in-group">
                <span class="method-in-group-name">InvalidAddPin</span>
                <br/>
              </div> <!-- method-in-group -->
              <div class="method-in-group">
                <span class="method-in-group-name">findBlankText</span>
                <br/>
              </div> <!-- method-in-group -->
              <div class="method-in-group">
                <span class="method-in-group-name">invaildLogin</span>
                <br/>
              </div> <!-- method-in-group -->
            </div> <!-- test-group -->
            <div class="test-group">
              <span class="test-group-name">sanity</span>
              <br/>
              <div class="method-in-group">
                <span class="method-in-group-name">subscription</span>
                <br/>
              </div> <!-- method-in-group -->
            </div> <!-- test-group -->
            <div class="test-group">
              <span class="test-group-name">valid</span>
              <br/>
              <div class="method-in-group">
                <span class="method-in-group-name">addByPin</span>
                <br/>
              </div> <!-- method-in-group -->
              <div class="method-in-group">
                <span class="method-in-group-name">addToCart</span>
                <br/>
              </div> <!-- method-in-group -->
              <div class="method-in-group">
                <span class="method-in-group-name">clickOnCountry_Button</span>
                <br/>
              </div> <!-- method-in-group -->
              <div class="method-in-group">
                <span class="method-in-group-name">clickOnImage</span>
                <br/>
              </div> <!-- method-in-group -->
              <div class="method-in-group">
                <span class="method-in-group-name">pass</span>
                <br/>
              </div> <!-- method-in-group -->
              <div class="method-in-group">
                <span class="method-in-group-name">payementOption</span>
                <br/>
              </div> <!-- method-in-group -->
              <div class="method-in-group">
                <span class="method-in-group-name">signInandSecurity</span>
                <br/>
              </div> <!-- method-in-group -->
              <div class="method-in-group">
                <span class="method-in-group-name">sorting</span>
                <br/>
              </div> <!-- method-in-group -->
              <div class="method-in-group">
                <span class="method-in-group-name">subscription</span>
                <br/>
              </div> <!-- method-in-group -->
              <div class="method-in-group">
                <span class="method-in-group-name">througSignIN</span>
                <br/>
              </div> <!-- method-in-group -->
              <div class="method-in-group">
                <span class="method-in-group-name">validLogin</span>
                <br/>
              </div> <!-- method-in-group -->
              <div class="method-in-group">
                <span class="method-in-group-name">validRegistration</span>
                <br/>
              </div> <!-- method-in-group -->
              <div class="method-in-group">
                <span class="method-in-group-name">yourOrder</span>
                <br/>
              </div> <!-- method-in-group -->
            </div> <!-- test-group -->
          </div> <!-- main-panel-content rounded-window-bottom -->
        </div> <!-- panel -->
        <div panel-name="times-Suite" class="panel">
          <div class="main-panel-header rounded-window-top">
            <span class="header-content">Times for Suite</span>
          </div> <!-- main-panel-header rounded-window-top -->
          <div class="main-panel-content rounded-window-bottom">
            <div class="times-div">
              <script type="text/javascript">
suiteTableInitFunctions.push('tableData_Suite');
function tableData_Suite() {
var data = new google.visualization.DataTable();
data.addColumn('number', 'Number');
data.addColumn('string', 'Method');
data.addColumn('string', 'Class');
data.addColumn('number', 'Time (ms)');
data.addRows(16);
data.setCell(0, 0, 0)
data.setCell(0, 1, 'clickOnCountry_Button')
data.setCell(0, 2, 'com.Amazon.tests.changeCountry_Test')
data.setCell(0, 3, 22131);
data.setCell(1, 0, 1)
data.setCell(1, 1, 'sorting')
data.setCell(1, 2, 'com.Amazon.tests.sortPurchase_Test')
data.setCell(1, 3, 15713);
data.setCell(2, 0, 2)
data.setCell(2, 1, 'addToCart')
data.setCell(2, 2, 'com.Amazon.tests.addToCartTest')
data.setCell(2, 3, 15538);
data.setCell(3, 0, 3)
data.setCell(3, 1, 'subscription')
data.setCell(3, 2, 'com.Amazon.tests.amazonPrimeTest')
data.setCell(3, 3, 14026);
data.setCell(4, 0, 4)
data.setCell(4, 1, 'pass')
data.setCell(4, 2, 'com.Amazon.tests.changePassword_Test')
data.setCell(4, 3, 13457);
data.setCell(5, 0, 5)
data.setCell(5, 1, 'yourOrder')
data.setCell(5, 2, 'com.Amazon.tests.YourAccountSection_Test')
data.setCell(5, 3, 4893);
data.setCell(6, 0, 6)
data.setCell(6, 1, 'signInandSecurity')
data.setCell(6, 2, 'com.Amazon.tests.YourAccountSection_Test')
data.setCell(6, 3, 4054);
data.setCell(7, 0, 7)
data.setCell(7, 1, 'payementOption')
data.setCell(7, 2, 'com.Amazon.tests.YourAccountSection_Test')
data.setCell(7, 3, 4028);
data.setCell(8, 0, 8)
data.setCell(8, 1, 'findBlankText')
data.setCell(8, 2, 'com.Amazon.tests.addToCartTest')
data.setCell(8, 3, 3627);
data.setCell(9, 0, 9)
data.setCell(9, 1, 'validLogin')
data.setCell(9, 2, 'com.Amazon.tests.SignInTest')
data.setCell(9, 3, 2829);
data.setCell(10, 0, 10)
data.setCell(10, 1, 'clickOnImage')
data.setCell(10, 2, 'com.Amazon.tests.forwardAndBackward_Pic_Test')
data.setCell(10, 3, 2452);
data.setCell(11, 0, 11)
data.setCell(11, 1, 'invaildLogin')
data.setCell(11, 2, 'com.Amazon.tests.SignInTest')
data.setCell(11, 3, 1808);
data.setCell(12, 0, 12)
data.setCell(12, 1, 'validRegistration')
data.setCell(12, 2, 'com.Amazon.tests.SignUpTest')
data.setCell(12, 3, 1802);
data.setCell(13, 0, 13)
data.setCell(13, 1, 'InvalidAddPin')
data.setCell(13, 2, 'com.Amazon.tests.addAddressTest')
data.setCell(13, 3, 897);
data.setCell(14, 0, 14)
data.setCell(14, 1, 'addByPin')
data.setCell(14, 2, 'com.Amazon.tests.addAddressTest')
data.setCell(14, 3, 850);
data.setCell(15, 0, 15)
data.setCell(15, 1, 'througSignIN')
data.setCell(15, 2, 'com.Amazon.tests.addAddressTest')
data.setCell(15, 3, 830);
window.suiteTableData['Suite']= { tableData: data, tableDiv: 'times-div-Suite'}
return data;
}
              </script>
              <span class="suite-total-time">Total running time: 1 minutes</span>
              <div id="times-div-Suite">
              </div> <!-- times-div-Suite -->
            </div> <!-- times-div -->
          </div> <!-- main-panel-content rounded-window-bottom -->
        </div> <!-- panel -->
        <div panel-name="reporter-Suite" class="panel">
          <div class="main-panel-header rounded-window-top">
            <span class="header-content">Reporter output for Suite</span>
          </div> <!-- main-panel-header rounded-window-top -->
          <div class="main-panel-content rounded-window-bottom">
          </div> <!-- main-panel-content rounded-window-bottom -->
        </div> <!-- panel -->
        <div panel-name="ignored-methods-Suite" class="panel">
          <div class="main-panel-header rounded-window-top">
            <span class="header-content">45 ignored methods</span>
          </div> <!-- main-panel-header rounded-window-top -->
          <div class="main-panel-content rounded-window-bottom">
            <div class="ignored-class-div">
              <span class="ignored-class-name">com.Amazon.tests.YourAccountSection_Test</span>
              <div class="ignored-methods-div">
                <span class="ignored-method-name">closeBrowser</span>
                <br/>
                <span class="ignored-method-name">endExtent</span>
                <br/>
                <span class="ignored-method-name">logTest</span>
                <br/>
                <span class="ignored-method-name">setExtent</span>
                <br/>
                <span class="ignored-method-name">inializeWebDriver</span>
                <br/>
              </div> <!-- ignored-methods-div -->
            </div> <!-- ignored-class-div -->
            <div class="ignored-class-div">
              <span class="ignored-class-name">com.Amazon.tests.changePassword_Test</span>
              <div class="ignored-methods-div">
                <span class="ignored-method-name">closeBrowser</span>
                <br/>
                <span class="ignored-method-name">endExtent</span>
                <br/>
                <span class="ignored-method-name">logTest</span>
                <br/>
                <span class="ignored-method-name">setExtent</span>
                <br/>
                <span class="ignored-method-name">inializeWebDriver</span>
                <br/>
              </div> <!-- ignored-methods-div -->
            </div> <!-- ignored-class-div -->
            <div class="ignored-class-div">
              <span class="ignored-class-name">com.Amazon.tests.SignUpTest</span>
              <div class="ignored-methods-div">
                <span class="ignored-method-name">closeBrowser</span>
                <br/>
                <span class="ignored-method-name">endExtent</span>
                <br/>
                <span class="ignored-method-name">logTest</span>
                <br/>
                <span class="ignored-method-name">setExtent</span>
                <br/>
                <span class="ignored-method-name">inializeWebDriver</span>
                <br/>
              </div> <!-- ignored-methods-div -->
            </div> <!-- ignored-class-div -->
            <div class="ignored-class-div">
              <span class="ignored-class-name">com.Amazon.tests.SignInTest</span>
              <div class="ignored-methods-div">
                <span class="ignored-method-name">closeBrowser</span>
                <br/>
                <span class="ignored-method-name">endExtent</span>
                <br/>
                <span class="ignored-method-name">logTest</span>
                <br/>
                <span class="ignored-method-name">setExtent</span>
                <br/>
                <span class="ignored-method-name">inializeWebDriver</span>
                <br/>
              </div> <!-- ignored-methods-div -->
            </div> <!-- ignored-class-div -->
            <div class="ignored-class-div">
              <span class="ignored-class-name">com.Amazon.tests.sortPurchase_Test</span>
              <div class="ignored-methods-div">
                <span class="ignored-method-name">closeBrowser</span>
                <br/>
                <span class="ignored-method-name">endExtent</span>
                <br/>
                <span class="ignored-method-name">logTest</span>
                <br/>
                <span class="ignored-method-name">setExtent</span>
                <br/>
                <span class="ignored-method-name">inializeWebDriver</span>
                <br/>
              </div> <!-- ignored-methods-div -->
            </div> <!-- ignored-class-div -->
            <div class="ignored-class-div">
              <span class="ignored-class-name">com.Amazon.tests.amazonPrimeTest</span>
              <div class="ignored-methods-div">
                <span class="ignored-method-name">closeBrowser</span>
                <br/>
                <span class="ignored-method-name">endExtent</span>
                <br/>
                <span class="ignored-method-name">logTest</span>
                <br/>
                <span class="ignored-method-name">setExtent</span>
                <br/>
                <span class="ignored-method-name">inializeWebDriver</span>
                <br/>
              </div> <!-- ignored-methods-div -->
            </div> <!-- ignored-class-div -->
            <div class="ignored-class-div">
              <span class="ignored-class-name">com.Amazon.tests.addToCartTest</span>
              <div class="ignored-methods-div">
                <span class="ignored-method-name">closeBrowser</span>
                <br/>
                <span class="ignored-method-name">endExtent</span>
                <br/>
                <span class="ignored-method-name">logTest</span>
                <br/>
                <span class="ignored-method-name">setExtent</span>
                <br/>
                <span class="ignored-method-name">inializeWebDriver</span>
                <br/>
              </div> <!-- ignored-methods-div -->
            </div> <!-- ignored-class-div -->
            <div class="ignored-class-div">
              <span class="ignored-class-name">com.Amazon.tests.forwardAndBackward_Pic_Test</span>
              <div class="ignored-methods-div">
                <span class="ignored-method-name">closeBrowser</span>
                <br/>
                <span class="ignored-method-name">endExtent</span>
                <br/>
                <span class="ignored-method-name">logTest</span>
                <br/>
                <span class="ignored-method-name">setExtent</span>
                <br/>
                <span class="ignored-method-name">inializeWebDriver</span>
                <br/>
              </div> <!-- ignored-methods-div -->
            </div> <!-- ignored-class-div -->
            <div class="ignored-class-div">
              <span class="ignored-class-name">com.Amazon.tests.changeCountry_Test</span>
              <div class="ignored-methods-div">
                <span class="ignored-method-name">closeBrowser</span>
                <br/>
                <span class="ignored-method-name">endExtent</span>
                <br/>
                <span class="ignored-method-name">logTest</span>
                <br/>
                <span class="ignored-method-name">setExtent</span>
                <br/>
                <span class="ignored-method-name">inializeWebDriver</span>
                <br/>
              </div> <!-- ignored-methods-div -->
            </div> <!-- ignored-class-div -->
          </div> <!-- main-panel-content rounded-window-bottom -->
        </div> <!-- panel -->
        <div panel-name="chronological-Suite" class="panel">
          <div class="main-panel-header rounded-window-top">
            <span class="header-content">Methods in chronological order</span>
          </div> <!-- main-panel-header rounded-window-top -->
          <div class="main-panel-content rounded-window-bottom">
            <div class="chronological-class">
              <div class="chronological-class-name">com.Amazon.tests.addAddressTest</div> <!-- chronological-class-name -->
              <div class="configuration-suite before">
                <span class="method-name">inializeWebDriver</span>
                <span class="method-start">0 ms</span>
              </div> <!-- configuration-suite before -->
              <div class="configuration-suite before">
                <span class="method-name">logTest</span>
                <span class="method-start">1993 ms</span>
              </div> <!-- configuration-suite before -->
              <div class="configuration-suite before">
                <span class="method-name">setExtent</span>
                <span class="method-start">2163 ms</span>
              </div> <!-- configuration-suite before -->
              <div class="configuration-method before">
                <span class="method-name">openBrowser</span>
                <span class="method-start">2392 ms</span>
              </div> <!-- configuration-method before -->
              <div class="configuration-method before">
                <span class="method-name">startTest(public void com.Amazon.tests.addAddressTest.addByPin())</span>
                <span class="method-start">4213 ms</span>
              </div> <!-- configuration-method before -->
              <div class="test-method">
                <span class="method-name">addByPin</span>
                <span class="method-start">4219 ms</span>
              </div> <!-- test-method -->
              <div class="configuration-method after">
                <span class="method-name">endLog(public void com.Amazon.tests.addAddressTest.addByPin())</span>
                <span class="method-start">5076 ms</span>
              </div> <!-- configuration-method after -->
              <div class="configuration-method after">
                <span class="method-name">endTest</span>
                <span class="method-start">5077 ms</span>
              </div> <!-- configuration-method after -->
              <div class="configuration-method after">
                <span class="method-name">screenshot([TestResult name=addByPin status=SUCCESS method=addAddressTest.addByPin()[pri:1, instance:com.Amazon...)</span>
                <span class="method-start">5081 ms</span>
              </div> <!-- configuration-method after -->
              <div class="configuration-method before">
                <span class="method-name">openBrowser</span>
                <span class="method-start">5086 ms</span>
              </div> <!-- configuration-method before -->
              <div class="configuration-method before">
                <span class="method-name">startTest(public void com.Amazon.tests.addAddressTest.througSignIN())</span>
                <span class="method-start">6553 ms</span>
              </div> <!-- configuration-method before -->
              <div class="test-method">
                <span class="method-name">througSignIN</span>
                <span class="method-start">6556 ms</span>
              </div> <!-- test-method -->
              <div class="configuration-method after">
                <span class="method-name">endLog(public void com.Amazon.tests.addAddressTest.througSignIN())</span>
                <span class="method-start">7387 ms</span>
              </div> <!-- configuration-method after -->
              <div class="configuration-method after">
                <span class="method-name">endTest</span>
                <span class="method-start">7389 ms</span>
              </div> <!-- configuration-method after -->
              <div class="configuration-method before">
                <span class="method-name">openBrowser</span>
                <span class="method-start">7390 ms</span>
              </div> <!-- configuration-method before -->
              <div class="configuration-method after">
                <span class="method-name">screenshot([TestResult name=througSignIN status=SUCCESS method=addAddressTest.througSignIN()[pri:2, instance:co...)</span>
                <span class="method-start">7390 ms</span>
              </div> <!-- configuration-method after -->
              <div class="configuration-method before">
                <span class="method-name">startTest(public void com.Amazon.tests.addAddressTest.InvalidAddPin())</span>
                <span class="method-start">9042 ms</span>
              </div> <!-- configuration-method before -->
              <div class="test-method">
                <img src="failed.png">
                </img>
                <span class="method-name">InvalidAddPin</span>
                <span class="method-start">9044 ms</span>
              </div> <!-- test-method -->
              <div class="configuration-method after">
                <span class="method-name">endLog(public void com.Amazon.tests.addAddressTest.InvalidAddPin())</span>
                <span class="method-start">9944 ms</span>
              </div> <!-- configuration-method after -->
              <div class="configuration-method after">
                <span class="method-name">endTest</span>
                <span class="method-start">9946 ms</span>
              </div> <!-- configuration-method after -->
              <div class="configuration-method after">
                <span class="method-name">screenshot([TestResult name=InvalidAddPin status=FAILURE method=addAddressTest.InvalidAddPin()[pri:3, instance:...)</span>
                <span class="method-start">9947 ms</span>
              </div> <!-- configuration-method after -->
            </div> <!-- chronological-class -->
            <div class="chronological-class">
              <div class="chronological-class-name">com.Amazon.tests.amazonPrimeTest</div> <!-- chronological-class-name -->
              <div class="configuration-method before">
                <span class="method-name">openBrowser</span>
                <span class="method-start">10553 ms</span>
              </div> <!-- configuration-method before -->
              <div class="configuration-method before">
                <span class="method-name">startTest(public void com.Amazon.tests.amazonPrimeTest.subscription(java.lang.String,java.lang.String))</span>
                <span class="method-start">11648 ms</span>
              </div> <!-- configuration-method before -->
              <div class="test-method">
                <img src="failed.png">
                </img>
                <span class="method-name">subscription(sangeetha@gmail.com, 121222)</span>
                <span class="method-start">11650 ms</span>
              </div> <!-- test-method -->
              <div class="configuration-method after">
                <span class="method-name">endLog(public void com.Amazon.tests.amazonPrimeTest.subscription(java.lang.String,java.lang.String))</span>
                <span class="method-start">25680 ms</span>
              </div> <!-- configuration-method after -->
              <div class="configuration-method after">
                <span class="method-name">screenshot([TestResult name=subscription status=FAILURE method=amazonPrimeTest.subscription(java.lang.String,ja...)</span>
                <span class="method-start">25681 ms</span>
              </div> <!-- configuration-method after -->
              <div class="configuration-method after">
                <span class="method-name">endTest</span>
                <span class="method-start">25681 ms</span>
              </div> <!-- configuration-method after -->
            </div> <!-- chronological-class -->
            <div class="chronological-class">
              <div class="chronological-class-name">com.Amazon.tests.sortPurchase_Test</div> <!-- chronological-class-name -->
              <div class="configuration-method before">
                <span class="method-name">openBrowser</span>
                <span class="method-start">26328 ms</span>
              </div> <!-- configuration-method before -->
              <div class="configuration-method before">
                <span class="method-name">startTest(public void com.Amazon.tests.sortPurchase_Test.sorting() throws java.lang.InterruptedException)</span>
                <span class="method-start">27443 ms</span>
              </div> <!-- configuration-method before -->
              <div class="test-method">
                <img src="failed.png">
                </img>
                <span class="method-name">sorting</span>
                <span class="method-start">27447 ms</span>
              </div> <!-- test-method -->
              <div class="configuration-method after">
                <span class="method-name">endLog(public void com.Amazon.tests.sortPurchase_Test.sorting() throws java.lang.InterruptedException)</span>
                <span class="method-start">43164 ms</span>
              </div> <!-- configuration-method after -->
              <div class="configuration-method after">
                <span class="method-name">endTest</span>
                <span class="method-start">43165 ms</span>
              </div> <!-- configuration-method after -->
              <div class="configuration-method after">
                <span class="method-name">screenshot([TestResult name=sorting status=FAILURE method=sortPurchase_Test.sorting()[pri:1, instance:com.Amazo...)</span>
                <span class="method-start">43166 ms</span>
              </div> <!-- configuration-method after -->
            </div> <!-- chronological-class -->
            <div class="chronological-class">
              <div class="chronological-class-name">com.Amazon.tests.changeCountry_Test</div> <!-- chronological-class-name -->
              <div class="configuration-method before">
                <span class="method-name">openBrowser</span>
                <span class="method-start">43494 ms</span>
              </div> <!-- configuration-method before -->
              <div class="configuration-method before">
                <span class="method-name">startTest(public void com.Amazon.tests.changeCountry_Test.clickOnCountry_Button() throws java.lang.Interrupted...)</span>
                <span class="method-start">44752 ms</span>
              </div> <!-- configuration-method before -->
              <div class="test-method">
                <span class="method-name">clickOnCountry_Button</span>
                <span class="method-start">44755 ms</span>
              </div> <!-- test-method -->
              <div class="configuration-method after">
                <span class="method-name">endLog(public void com.Amazon.tests.changeCountry_Test.clickOnCountry_Button() throws java.lang.Interrupted...)</span>
                <span class="method-start">66889 ms</span>
              </div> <!-- configuration-method after -->
              <div class="configuration-method after">
                <span class="method-name">screenshot([TestResult name=clickOnCountry_Button status=SUCCESS method=changeCountry_Test.clickOnCountry_Butto...)</span>
                <span class="method-start">66894 ms</span>
              </div> <!-- configuration-method after -->
              <div class="configuration-method after">
                <span class="method-name">endTest</span>
                <span class="method-start">66894 ms</span>
              </div> <!-- configuration-method after -->
            </div> <!-- chronological-class -->
            <div class="chronological-class">
              <div class="chronological-class-name">com.Amazon.tests.forwardAndBackward_Pic_Test</div> <!-- chronological-class-name -->
              <div class="configuration-method before">
                <span class="method-name">openBrowser</span>
                <span class="method-start">66895 ms</span>
              </div> <!-- configuration-method before -->
              <div class="configuration-method before">
                <span class="method-name">startTest(public void com.Amazon.tests.forwardAndBackward_Pic_Test.clickOnImage() throws java.lang.Interrupted...)</span>
                <span class="method-start">68264 ms</span>
              </div> <!-- configuration-method before -->
              <div class="test-method">
                <span class="method-name">clickOnImage</span>
                <span class="method-start">68265 ms</span>
              </div> <!-- test-method -->
              <div class="configuration-method after">
                <span class="method-name">endLog(public void com.Amazon.tests.forwardAndBackward_Pic_Test.clickOnImage() throws java.lang.Interrupted...)</span>
                <span class="method-start">70721 ms</span>
              </div> <!-- configuration-method after -->
              <div class="configuration-method after">
                <span class="method-name">endTest</span>
                <span class="method-start">70724 ms</span>
              </div> <!-- configuration-method after -->
              <div class="configuration-method after">
                <span class="method-name">screenshot([TestResult name=clickOnImage status=SUCCESS method=forwardAndBackward_Pic_Test.clickOnImage()[pri:1...)</span>
                <span class="method-start">70725 ms</span>
              </div> <!-- configuration-method after -->
            </div> <!-- chronological-class -->
            <div class="chronological-class">
              <div class="chronological-class-name">com.Amazon.tests.addToCartTest</div> <!-- chronological-class-name -->
              <div class="configuration-method before">
                <span class="method-name">openBrowser</span>
                <span class="method-start">70729 ms</span>
              </div> <!-- configuration-method before -->
              <div class="configuration-method before">
                <span class="method-name">startTest(public void com.Amazon.tests.addToCartTest.addToCart() throws java.lang.InterruptedException)</span>
                <span class="method-start">71874 ms</span>
              </div> <!-- configuration-method before -->
              <div class="test-method">
                <span class="method-name">addToCart</span>
                <span class="method-start">71878 ms</span>
              </div> <!-- test-method -->
              <div class="configuration-method after">
                <span class="method-name">endLog(public void com.Amazon.tests.addToCartTest.addToCart() throws java.lang.InterruptedException)</span>
                <span class="method-start">87417 ms</span>
              </div> <!-- configuration-method after -->
              <div class="configuration-method after">
                <span class="method-name">endTest</span>
                <span class="method-start">87418 ms</span>
              </div> <!-- configuration-method after -->
              <div class="configuration-method after">
                <span class="method-name">screenshot([TestResult name=addToCart status=SUCCESS method=addToCartTest.addToCart()[pri:1, instance:com.Amazo...)</span>
                <span class="method-start">87419 ms</span>
              </div> <!-- configuration-method after -->
              <div class="configuration-method before">
                <span class="method-name">openBrowser</span>
                <span class="method-start">87420 ms</span>
              </div> <!-- configuration-method before -->
              <div class="configuration-method before">
                <span class="method-name">startTest(public void com.Amazon.tests.addToCartTest.findBlankText())</span>
                <span class="method-start">88749 ms</span>
              </div> <!-- configuration-method before -->
              <div class="test-method">
                <span class="method-name">findBlankText</span>
                <span class="method-start">88750 ms</span>
              </div> <!-- test-method -->
              <div class="configuration-method after">
                <span class="method-name">endLog(public void com.Amazon.tests.addToCartTest.findBlankText())</span>
                <span class="method-start">92380 ms</span>
              </div> <!-- configuration-method after -->
              <div class="configuration-method after">
                <span class="method-name">endTest</span>
                <span class="method-start">92382 ms</span>
              </div> <!-- configuration-method after -->
              <div class="configuration-method after">
                <span class="method-name">screenshot([TestResult name=findBlankText status=SUCCESS method=addToCartTest.findBlankText()[pri:2, instance:c...)</span>
                <span class="method-start">92383 ms</span>
              </div> <!-- configuration-method after -->
            </div> <!-- chronological-class -->
            <div class="chronological-class">
              <div class="chronological-class-name">com.Amazon.tests.changePassword_Test</div> <!-- chronological-class-name -->
              <div class="configuration-method before">
                <span class="method-name">openBrowser</span>
                <span class="method-start">92383 ms</span>
              </div> <!-- configuration-method before -->
              <div class="configuration-method before">
                <span class="method-name">startTest(public void com.Amazon.tests.changePassword_Test.pass(java.lang.String))</span>
                <span class="method-start">93590 ms</span>
              </div> <!-- configuration-method before -->
              <div class="test-method">
                <img src="failed.png">
                </img>
                <span class="method-name">pass(sangeetha@gmail.com)</span>
                <span class="method-start">93590 ms</span>
              </div> <!-- test-method -->
              <div class="configuration-method after">
                <span class="method-name">endLog(public void com.Amazon.tests.changePassword_Test.pass(java.lang.String))</span>
                <span class="method-start">107050 ms</span>
              </div> <!-- configuration-method after -->
              <div class="configuration-method after">
                <span class="method-name">endTest</span>
                <span class="method-start">107051 ms</span>
              </div> <!-- configuration-method after -->
              <div class="configuration-method after">
                <span class="method-name">screenshot([TestResult name=pass status=FAILURE method=changePassword_Test.pass(java.lang.String)[pri:1, instan...)</span>
                <span class="method-start">107052 ms</span>
              </div> <!-- configuration-method after -->
            </div> <!-- chronological-class -->
            <div class="chronological-class">
              <div class="chronological-class-name">com.Amazon.tests.SignInTest</div> <!-- chronological-class-name -->
              <div class="configuration-method before">
                <span class="method-name">openBrowser</span>
                <span class="method-start">107198 ms</span>
              </div> <!-- configuration-method before -->
              <div class="configuration-method before">
                <span class="method-name">startTest(public void com.Amazon.tests.SignInTest.invaildLogin(java.lang.String,java.lang.String))</span>
                <span class="method-start">108420 ms</span>
              </div> <!-- configuration-method before -->
              <div class="test-method">
                <span class="method-name">invaildLogin(sangeetha, 12345)</span>
                <span class="method-start">108424 ms</span>
              </div> <!-- test-method -->
              <div class="configuration-method after">
                <span class="method-name">endLog(public void com.Amazon.tests.SignInTest.invaildLogin(java.lang.String,java.lang.String))</span>
                <span class="method-start">110233 ms</span>
              </div> <!-- configuration-method after -->
              <div class="configuration-method after">
                <span class="method-name">endTest</span>
                <span class="method-start">110235 ms</span>
              </div> <!-- configuration-method after -->
              <div class="configuration-method after">
                <span class="method-name">screenshot([TestResult name=invaildLogin status=SUCCESS method=SignInTest.invaildLogin(java.lang.String,java.la...)</span>
                <span class="method-start">110235 ms</span>
              </div> <!-- configuration-method after -->
              <div class="configuration-method before">
                <span class="method-name">openBrowser</span>
                <span class="method-start">110237 ms</span>
              </div> <!-- configuration-method before -->
              <div class="configuration-method before">
                <span class="method-name">startTest(public static void com.Amazon.tests.SignInTest.validLogin(java.lang.String,java.lang.String))</span>
                <span class="method-start">111364 ms</span>
              </div> <!-- configuration-method before -->
              <div class="test-method">
                <span class="method-name">validLogin(sangeetha@gmail.com, 121222)</span>
                <span class="method-start">111365 ms</span>
              </div> <!-- test-method -->
              <div class="configuration-method after">
                <span class="method-name">endLog(public static void com.Amazon.tests.SignInTest.validLogin(java.lang.String,java.lang.String))</span>
                <span class="method-start">114196 ms</span>
              </div> <!-- configuration-method after -->
              <div class="configuration-method after">
                <span class="method-name">endTest</span>
                <span class="method-start">114197 ms</span>
              </div> <!-- configuration-method after -->
              <div class="configuration-method after">
                <span class="method-name">screenshot([TestResult name=validLogin status=SUCCESS method=SignInTest.validLogin(java.lang.String,java.lang.S...)</span>
                <span class="method-start">114197 ms</span>
              </div> <!-- configuration-method after -->
            </div> <!-- chronological-class -->
            <div class="chronological-class">
              <div class="chronological-class-name">com.Amazon.tests.SignUpTest</div> <!-- chronological-class-name -->
              <div class="configuration-method before">
                <span class="method-name">openBrowser</span>
                <span class="method-start">114198 ms</span>
              </div> <!-- configuration-method before -->
              <div class="configuration-method before">
                <span class="method-name">startTest(public void com.Amazon.tests.SignUpTest.validRegistration())</span>
                <span class="method-start">115298 ms</span>
              </div> <!-- configuration-method before -->
              <div class="test-method">
                <span class="method-name">validRegistration</span>
                <span class="method-start">115299 ms</span>
              </div> <!-- test-method -->
              <div class="configuration-method after">
                <span class="method-name">endLog(public void com.Amazon.tests.SignUpTest.validRegistration())</span>
                <span class="method-start">117103 ms</span>
              </div> <!-- configuration-method after -->
              <div class="configuration-method after">
                <span class="method-name">endTest</span>
                <span class="method-start">117105 ms</span>
              </div> <!-- configuration-method after -->
              <div class="configuration-method after">
                <span class="method-name">screenshot([TestResult name=validRegistration status=SUCCESS method=SignUpTest.validRegistration()[pri:1, insta...)</span>
                <span class="method-start">117106 ms</span>
              </div> <!-- configuration-method after -->
            </div> <!-- chronological-class -->
            <div class="chronological-class">
              <div class="chronological-class-name">com.Amazon.tests.YourAccountSection_Test</div> <!-- chronological-class-name -->
              <div class="configuration-method before">
                <span class="method-name">openBrowser</span>
                <span class="method-start">117108 ms</span>
              </div> <!-- configuration-method before -->
              <div class="configuration-method before">
                <span class="method-name">startTest(public void com.Amazon.tests.YourAccountSection_Test.payementOption(java.lang.String,java.lang.Strin...)</span>
                <span class="method-start">118168 ms</span>
              </div> <!-- configuration-method before -->
              <div class="test-method">
                <span class="method-name">payementOption(sangeetha@gmail.com, 121222)</span>
                <span class="method-start">118169 ms</span>
              </div> <!-- test-method -->
              <div class="configuration-method after">
                <span class="method-name">endLog(public void com.Amazon.tests.YourAccountSection_Test.payementOption(java.lang.String,java.lang.Strin...)</span>
                <span class="method-start">122198 ms</span>
              </div> <!-- configuration-method after -->
              <div class="configuration-method after">
                <span class="method-name">endTest</span>
                <span class="method-start">122200 ms</span>
              </div> <!-- configuration-method after -->
              <div class="configuration-method after">
                <span class="method-name">screenshot([TestResult name=payementOption status=SUCCESS method=YourAccountSection_Test.payementOption(java.la...)</span>
                <span class="method-start">122200 ms</span>
              </div> <!-- configuration-method after -->
              <div class="configuration-method before">
                <span class="method-name">openBrowser</span>
                <span class="method-start">122201 ms</span>
              </div> <!-- configuration-method before -->
              <div class="configuration-method before">
                <span class="method-name">startTest(public void com.Amazon.tests.YourAccountSection_Test.signInandSecurity(java.lang.String,java.lang.St...)</span>
                <span class="method-start">123628 ms</span>
              </div> <!-- configuration-method before -->
              <div class="test-method">
                <span class="method-name">signInandSecurity(sangeetha@gmail.com, 121222)</span>
                <span class="method-start">123630 ms</span>
              </div> <!-- test-method -->
              <div class="configuration-method after">
                <span class="method-name">endLog(public void com.Amazon.tests.YourAccountSection_Test.signInandSecurity(java.lang.String,java.lang.St...)</span>
                <span class="method-start">127686 ms</span>
              </div> <!-- configuration-method after -->
              <div class="configuration-method after">
                <span class="method-name">endTest</span>
                <span class="method-start">127687 ms</span>
              </div> <!-- configuration-method after -->
              <div class="configuration-method after">
                <span class="method-name">screenshot([TestResult name=signInandSecurity status=SUCCESS method=YourAccountSection_Test.signInandSecurity(j...)</span>
                <span class="method-start">127690 ms</span>
              </div> <!-- configuration-method after -->
              <div class="configuration-method before">
                <span class="method-name">openBrowser</span>
                <span class="method-start">127692 ms</span>
              </div> <!-- configuration-method before -->
              <div class="configuration-method before">
                <span class="method-name">startTest(public void com.Amazon.tests.YourAccountSection_Test.yourOrder(java.lang.String,java.lang.String))</span>
                <span class="method-start">128982 ms</span>
              </div> <!-- configuration-method before -->
              <div class="test-method">
                <span class="method-name">yourOrder(sangeetha@gmail.com, 121222)</span>
                <span class="method-start">128983 ms</span>
              </div> <!-- test-method -->
              <div class="configuration-method after">
                <span class="method-name">endLog(public void com.Amazon.tests.YourAccountSection_Test.yourOrder(java.lang.String,java.lang.String))</span>
                <span class="method-start">133878 ms</span>
              </div> <!-- configuration-method after -->
              <div class="configuration-method after">
                <span class="method-name">endTest</span>
                <span class="method-start">133880 ms</span>
              </div> <!-- configuration-method after -->
              <div class="configuration-method after">
                <span class="method-name">screenshot([TestResult name=yourOrder status=SUCCESS method=YourAccountSection_Test.yourOrder(java.lang.String,...)</span>
                <span class="method-start">133883 ms</span>
              </div> <!-- configuration-method after -->
            </div> <!-- chronological-class -->
            <div class="chronological-class">
              <div class="chronological-class-name">com.Amazon.tests.addAddressTest</div> <!-- chronological-class-name -->
              <div class="configuration-suite after">
                <span class="method-name">closeBrowser</span>
                <span class="method-start">133984 ms</span>
              </div> <!-- configuration-suite after -->
              <div class="configuration-suite after">
                <span class="method-name">endExtent</span>
                <span class="method-start">138159 ms</span>
              </div> <!-- configuration-suite after -->
          </div> <!-- main-panel-content rounded-window-bottom -->
        </div> <!-- panel -->
      </div> <!-- main-panel-root -->
    </div> <!-- wrapper -->
  </body>
<script type="text/javascript" src="testng-reports2.js"></script>
</html>
